Command line:
   HAdelay_HAdelay_sch_tb_isim_beh.exe
     -simmode  gui
     -simrunnum  0
     -socket  1116

Mon Jun 15 11:12:33 2020


 Elaboration Time: 0.15625 sec

 Current Memory Usage: 5660.39 Meg

 Total Signals          : 39
 Total Nets             : 29
 Total Signal Drivers   : 4
 Total Blocks           : 7
 Total Primitive Blocks : 5
 Total Processes        : 3
 Total Traceable Variables  : 13
 Total Scalar Nets and Variables : 512

** Failure:Simulation Finished
User(VHDL) Code Called Simulation Stop
In process HAdelay_tb.vhd:tb 
 


 Total Simulation Time: 0.1875 sec

 Current Memory Usage: 5188.51 Meg

Mon Jun 15 11:13:51 2020

