Command line:
   FullAdder_FullAdder_sch_tb_isim_beh.exe
     -simmode  gui
     -simrunnum  0
     -socket  50270

Mon Sep 13 14:00:40 2021


 Elaboration Time: 0.03125 sec

 Current Memory Usage: 5150.88 Meg

 Total Signals          : 61
 Total Nets             : 33
 Total Signal Drivers   : 8
 Total Blocks           : 12
 Total Primitive Blocks : 8
 Total Processes        : 6
 Total Traceable Variables  : 13
 Total Scalar Nets and Variables : 516
Total Line Count : 32

** Failure:Simulation Finished
User(VHDL) Code Called Simulation Stop
In process FullAdder_tb.vhd:tb 
 


 Total Simulation Time: 0.03125 sec

 Current Memory Usage: 4679.02 Meg

Mon Sep 13 14:15:04 2021

